0 info it worked if it ends with ok
1 verbose cli [ 'C:\\Program Files\\nodejs\\\\node.exe',
1 verbose cli   'C:\\Program Files\\nodejs\\node_modules\\npm\\bin\\npm-cli.js',
1 verbose cli   'install',
1 verbose cli   'af' ]
2 info using npm@1.2.2
3 info using node@v0.8.18
4 verbose node symlink C:\Program Files\nodejs\\node.exe
5 verbose read json C:\Users\risan1\Dropbox\cybercom\newclavia\package.json
6 warn package.json application-name@0.0.1 No README.md file found!
7 verbose read json C:\Users\risan1\Dropbox\cybercom\newclavia\node_modules\express\package.json
8 verbose read json C:\Users\risan1\Dropbox\cybercom\newclavia\node_modules\jade\package.json
9 verbose read json C:\Users\risan1\Dropbox\cybercom\newclavia\node_modules\nib\package.json
10 verbose read json C:\Users\risan1\Dropbox\cybercom\newclavia\node_modules\stylus\package.json
11 verbose from cache C:\Users\risan1\Dropbox\cybercom\newclavia\package.json
12 verbose readDependencies using package.json deps
13 verbose cache add [ 'af', null ]
14 verbose cache add name=undefined spec="af" args=["af",null]
15 verbose parsed url { pathname: 'af', path: 'af', href: 'af' }
16 silly lockFile d1e62250-af af
17 verbose lock af C:\Users\risan1\AppData\Roaming\npm-cache\d1e62250-af.lock
18 silly lockFile d1e62250-af af
19 verbose addNamed [ 'af', '' ]
20 verbose addNamed [ null, '' ]
21 silly lockFile 3b62543f-af af@
22 verbose lock af@ C:\Users\risan1\AppData\Roaming\npm-cache\3b62543f-af.lock
23 silly addNameRange { name: 'af', range: '', hasData: false }
24 verbose url raw af
25 verbose url resolving [ 'https://registry.npmjs.org/', './af' ]
26 verbose url resolved https://registry.npmjs.org/af
27 info trying registry request attempt 1 at 13:21:35
28 http GET https://registry.npmjs.org/af
29 info retry will retry, error on last attempt: Error: getaddrinfo ENOTFOUND
30 info trying registry request attempt 2 at 13:21:57
31 http GET https://registry.npmjs.org/af
32 info retry will retry, error on last attempt: Error: getaddrinfo EAGAIN
33 info trying registry request attempt 3 at 13:23:08
34 http GET https://registry.npmjs.org/af
35 http 404 https://registry.npmjs.org/af
36 silly registry.get cb [ 404,
36 silly registry.get   { server: 'CouchDB/1.2.1 (Erlang OTP/R15B)',
36 silly registry.get     date: 'Wed, 23 Jan 2013 12:21:36 GMT',
36 silly registry.get     'content-type': 'application/json',
36 silly registry.get     'content-length': '52',
36 silly registry.get     'cache-control': 'must-revalidate' } ]
37 silly lockFile 3b62543f-af af@
38 error 404 'af' is not in the npm registry.
38 error 404 You should bug the author to publish it
38 error 404
38 error 404 Note that you can also install from a
38 error 404 tarball, folder, or http url, or git url.
39 error System Windows_NT 6.1.7601
40 error command "C:\\Program Files\\nodejs\\\\node.exe" "C:\\Program Files\\nodejs\\node_modules\\npm\\bin\\npm-cli.js" "install" "af"
41 error cwd C:\Users\risan1\Dropbox\cybercom\newclavia
42 error node -v v0.8.18
43 error npm -v 1.2.2
44 error code E404
45 verbose exit [ 1, true ]
